<?xml version="1.0" encoding="UTF-8"?>
<!-- Generated by org.testng.reporters.JUnitReportReporter -->
<testsuite hostname="DESKTOP-207AJHH" failures="0" tests="3" name="practise.RestAssured2.Create_User_POST_Request" time="1.541" errors="0" timestamp="2021-11-27T16:52:18 IST" skipped="0">
  <testcase classname="practise.RestAssured2.Create_User_POST_Request" name="verifyHeaderValueForPostRequest" time="0.033"/>
  <system-out/>
  <testcase classname="practise.RestAssured2.Create_User_POST_Request" name="verifyResponseBodyForPostRequest" time="1.492"/>
  <system-out/>
  <testcase classname="practise.RestAssured2.Create_User_POST_Request" name="verifyStatusCodeForPostRequest" time="0.016"/>
  <system-out/>
</testsuite> <!-- practise.RestAssured2.Create_User_POST_Request -->
