<?xml version="1.0" encoding="UTF-8"?>
<!-- Generated by org.testng.reporters.JUnitReportReporter -->
<testsuite hostname="DESKTOP-207AJHH" failures="0" tests="2" name="practise.RestAssured2.Single_User_Not_Found_GET_Request" time="0.005" errors="0" timestamp="2021-11-21T13:32:16 IST" skipped="0">
  <testcase classname="practise.RestAssured2.Single_User_Not_Found_GET_Request" name="verifyStatusCodeForRequest" time="0.002"/>
  <system-out/>
  <testcase classname="practise.RestAssured2.Single_User_Not_Found_GET_Request" name="verifyResponseBodyForRequest" time="0.003"/>
  <system-out/>
</testsuite> <!-- practise.RestAssured2.Single_User_Not_Found_GET_Request -->
