<?xml version="1.0" encoding="UTF-8"?>
<!-- Generated by org.testng.reporters.JUnitReportReporter -->
<testsuite hostname="DESKTOP-207AJHH" failures="0" tests="1" name="practise.RestAssured.TC002_RestAssured_POST_Request" time="6.677" errors="0" timestamp="2021-11-16T23:22:27 IST" skipped="0">
  <testcase classname="practise.RestAssured.TC002_RestAssured_POST_Request" name="getRestAssuredPostRequest" time="6.677"/>
  <system-out/>
</testsuite> <!-- practise.RestAssured.TC002_RestAssured_POST_Request -->
