<?xml version="1.0" encoding="UTF-8"?>
<!-- Generated by org.testng.reporters.JUnitReportReporter -->
<testsuite hostname="DESKTOP-207AJHH" failures="0" tests="3" name="practise.RestAssured2.List_Of_Users_GET_Request" time="1.612" errors="0" timestamp="2021-11-21T13:32:16 IST" skipped="0">
  <testcase classname="practise.RestAssured2.List_Of_Users_GET_Request" name="verifyStatusCodeForRequest" time="0.008"/>
  <system-out/>
  <testcase classname="practise.RestAssured2.List_Of_Users_GET_Request" name="verifyHeaderValueForRequest" time="0.031"/>
  <system-out/>
  <testcase classname="practise.RestAssured2.List_Of_Users_GET_Request" name="verifyResponseBodyValueForRequest" time="1.573"/>
  <system-out/>
</testsuite> <!-- practise.RestAssured2.List_Of_Users_GET_Request -->
