<?xml version="1.0" encoding="UTF-8"?>
<!-- Generated by org.testng.reporters.JUnitReportReporter -->
<testsuite hostname="DESKTOP-207AJHH" failures="0" tests="3" name="practise.RestAssured2.Single_User_GET_Request" time="0.043" errors="0" timestamp="2021-11-21T13:32:16 IST" skipped="0">
  <testcase classname="practise.RestAssured2.Single_User_GET_Request" name="verifyStatusCodeForRequest" time="0.002"/>
  <system-out/>
  <testcase classname="practise.RestAssured2.Single_User_GET_Request" name="getBodyResponseForRequest" time="0.032"/>
  <system-out/>
  <testcase classname="practise.RestAssured2.Single_User_GET_Request" name="verifyHeaderForRequest" time="0.009"/>
  <system-out/>
</testsuite> <!-- practise.RestAssured2.Single_User_GET_Request -->
