<?xml version="1.0" encoding="UTF-8"?>
<!-- Generated by org.testng.reporters.JUnitReportReporter -->
<testsuite hostname="DESKTOP-207AJHH" failures="0" tests="2" name="practise.RestAssured2.Single_User_GET_Request" time="5.213" errors="0" timestamp="2021-11-18T22:43:40 IST" skipped="0">
  <testcase classname="practise.RestAssured2.Single_User_GET_Request" name="verifyHeaderForRequest" time="5.085"/>
  <system-out/>
  <testcase classname="practise.RestAssured2.Single_User_GET_Request" name="verifyStatusCodeForRequest" time="0.128"/>
  <system-out/>
</testsuite> <!-- practise.RestAssured2.Single_User_GET_Request -->
