<?xml version="1.0" encoding="UTF-8"?>
<!-- Generated by org.testng.reporters.JUnitReportReporter -->
<testsuite hostname="DESKTOP-207AJHH" failures="0" tests="3" name="practise.RestAssured2.List_Of_Users_GET_Request" time="4.633" errors="0" timestamp="2021-11-18T22:24:26 IST" skipped="0">
  <testcase classname="practise.RestAssured2.List_Of_Users_GET_Request" name="verifyStatusCodeForRequest" time="0.150"/>
  <system-out/>
  <testcase classname="practise.RestAssured2.List_Of_Users_GET_Request" name="verifyHeaderValueForRequest" time="2.936"/>
  <system-out/>
  <testcase classname="practise.RestAssured2.List_Of_Users_GET_Request" name="verifyResponseBodyValueForRequest" time="1.547"/>
  <system-out/>
</testsuite> <!-- practise.RestAssured2.List_Of_Users_GET_Request -->
