<?xml version="1.0" encoding="UTF-8"?>
<!-- Generated by org.testng.reporters.JUnitReportReporter -->
<testsuite hostname="DESKTOP-207AJHH" failures="0" tests="2" name="practise.RestAssured2.Delete_User_Request" time="0.049" errors="0" timestamp="2021-11-27T18:03:43 IST" skipped="0">
  <testcase classname="practise.RestAssured2.Delete_User_Request" name="verifyResponseBodyForDeleteRequest" time="0.047"/>
  <system-out/>
  <testcase classname="practise.RestAssured2.Delete_User_Request" name="verifyStatusCode" time="0.002"/>
  <system-out/>
</testsuite> <!-- practise.RestAssured2.Delete_User_Request -->
