<?xml version="1.0" encoding="UTF-8"?>
<!-- Generated by org.testng.reporters.JUnitReportReporter -->
<testsuite hostname="DESKTOP-207AJHH" failures="0" tests="1" name="practise.RestAssured.TC001_RestAssured_GET_Request" time="5.734" errors="0" timestamp="2021-11-16T23:06:16 IST" skipped="0">
  <testcase classname="practise.RestAssured.TC001_RestAssured_GET_Request" name="validateGetRequestForBooks" time="5.734"/>
  <system-out/>
</testsuite> <!-- practise.RestAssured.TC001_RestAssured_GET_Request -->
